<?xml version="1.0" encoding="UTF-8"?>
<!-- Generated by org.testng.reporters.JUnitReportReporter -->
<testsuite skipped="0" hostname="DESKTOP-Q65ONQK" name="com.falcon.test.smoke.TestSample" tests="1" failures="0" timestamp="2019-12-16T23:28:23 IST" time="13.702" errors="0">
  <testcase name="testSample" time="13.702" classname="com.falcon.test.smoke.TestSample"/>
</testsuite> <!-- com.falcon.test.smoke.TestSample -->
